[2025年 07月 13日 星期日 17:42:15 CST] Pulling latest changes from remote...
来自 github.com:LeJingS/web_learn
 * branch            main       -> FETCH_HEAD
已经是最新的。
[2025年 07月 13日 星期日 17:42:15 CST] Checking for local changes...
[main b8b7bc9] Auto commit by script on 2025年 07月 13日 星期日 17:42:15 CST
 1 file changed, 5 insertions(+)
 create mode 100644 git_sync.log
[2025年 07月 13日 星期日 17:42:15 CST] Changes detected, committing and pushing...
To github.com:LeJingS/web_learn.git
   7d2b1cf..b8b7bc9  main -> main
[2025年 07月 13日 星期日 17:42:24 CST] Pulling latest changes from remote...
来自 github.com:LeJingS/web_learn
 * branch            main       -> FETCH_HEAD
已经是最新的。
[2025年 07月 13日 星期日 17:42:24 CST] Checking for local changes...
[main 4686f8b] Auto commit by script on 2025年 07月 13日 星期日 17:42:24 CST
 1 file changed, 11 insertions(+)
[2025年 07月 13日 星期日 17:42:24 CST] Changes detected, committing and pushing...
To github.com:LeJingS/web_learn.git
   b8b7bc9..4686f8b  main -> main
[2025年 07月 13日 星期日 17:42:33 CST] Pulling latest changes from remote...
来自 github.com:LeJingS/web_learn
 * branch            main       -> FETCH_HEAD
已经是最新的。
[2025年 07月 13日 星期日 17:42:33 CST] Checking for local changes...
[main 9be6142] Auto commit by script on 2025年 07月 13日 星期日 17:42:33 CST
 1 file changed, 10 insertions(+)
[2025年 07月 13日 星期日 17:42:33 CST] Changes detected, committing and pushing...
To github.com:LeJingS/web_learn.git
   4686f8b..9be6142  main -> main
[2025年 07月 13日 星期日 17:42:42 CST] Pulling latest changes from remote...
来自 github.com:LeJingS/web_learn
 * branch            main       -> FETCH_HEAD
已经是最新的。
[2025年 07月 13日 星期日 17:42:42 CST] Checking for local changes...
[main dbd8f6e] Auto commit by script on 2025年 07月 13日 星期日 17:42:42 CST
 1 file changed, 10 insertions(+)
[2025年 07月 13日 星期日 17:42:42 CST] Changes detected, committing and pushing...
To github.com:LeJingS/web_learn.git
   9be6142..dbd8f6e  main -> main
[2025年 07月 13日 星期日 17:42:49 CST] Pulling latest changes from remote...
来自 github.com:LeJingS/web_learn
 * branch            main       -> FETCH_HEAD
已经是最新的。
[2025年 07月 13日 星期日 17:42:49 CST] Checking for local changes...
[main bd94702] Auto commit by script on 2025年 07月 13日 星期日 17:42:49 CST
 1 file changed, 10 insertions(+)
[2025年 07月 13日 星期日 17:42:49 CST] Changes detected, committing and pushing...
To github.com:LeJingS/web_learn.git
   dbd8f6e..bd94702  main -> main
[2025年 07月 13日 星期日 17:42:58 CST] Pulling latest changes from remote...
来自 github.com:LeJingS/web_learn
 * branch            main       -> FETCH_HEAD
已经是最新的。
[2025年 07月 13日 星期日 17:42:58 CST] Checking for local changes...
[main 663ba54] Auto commit by script on 2025年 07月 13日 星期日 17:42:58 CST
 1 file changed, 10 insertions(+)
[2025年 07月 13日 星期日 17:42:58 CST] Changes detected, committing and pushing...
To github.com:LeJingS/web_learn.git
   bd94702..663ba54  main -> main
[2025年 07月 13日 星期日 17:43:08 CST] Pulling latest changes from remote...
来自 github.com:LeJingS/web_learn
 * branch            main       -> FETCH_HEAD
已经是最新的。
[2025年 07月 13日 星期日 17:43:08 CST] Checking for local changes...
[main 441911e] Auto commit by script on 2025年 07月 13日 星期日 17:43:08 CST
 1 file changed, 10 insertions(+)
[2025年 07月 13日 星期日 17:43:08 CST] Changes detected, committing and pushing...
To github.com:LeJingS/web_learn.git
   663ba54..441911e  main -> main
[2025年 07月 13日 星期日 17:43:16 CST] Pulling latest changes from remote...
来自 github.com:LeJingS/web_learn
 * branch            main       -> FETCH_HEAD
已经是最新的。
[2025年 07月 13日 星期日 17:43:16 CST] Checking for local changes...
[main 56c3a32] Auto commit by script on 2025年 07月 13日 星期日 17:43:16 CST
 1 file changed, 10 insertions(+)
[2025年 07月 13日 星期日 17:43:16 CST] Changes detected, committing and pushing...
To github.com:LeJingS/web_learn.git
   441911e..56c3a32  main -> main
[2025年 07月 13日 星期日 17:43:32 CST] Pulling latest changes from remote...
来自 github.com:LeJingS/web_learn
 * branch            main       -> FETCH_HEAD
已经是最新的。
[2025年 07月 13日 星期日 17:43:32 CST] Checking for local changes...
[main 16d49d3] Auto commit by script on 2025年 07月 13日 星期日 17:43:32 CST
 1 file changed, 10 insertions(+)
[2025年 07月 13日 星期日 17:43:32 CST] Changes detected, committing and pushing...
To github.com:LeJingS/web_learn.git
   56c3a32..16d49d3  main -> main
[2025年 07月 13日 星期日 17:43:41 CST] Pulling latest changes from remote...
来自 github.com:LeJingS/web_learn
 * branch            main       -> FETCH_HEAD
已经是最新的。
[2025年 07月 13日 星期日 17:43:41 CST] Checking for local changes...
[main 8bb38db] Auto commit by script on 2025年 07月 13日 星期日 17:43:41 CST
 1 file changed, 10 insertions(+)
[2025年 07月 13日 星期日 17:43:41 CST] Changes detected, committing and pushing...
To github.com:LeJingS/web_learn.git
   16d49d3..8bb38db  main -> main
[2025年 07月 13日 星期日 17:43:49 CST] Pulling latest changes from remote...
来自 github.com:LeJingS/web_learn
 * branch            main       -> FETCH_HEAD
已经是最新的。
[2025年 07月 13日 星期日 17:43:49 CST] Checking for local changes...
[main 8411344] Auto commit by script on 2025年 07月 13日 星期日 17:43:49 CST
 1 file changed, 10 insertions(+)
[2025年 07月 13日 星期日 17:43:49 CST] Changes detected, committing and pushing...
To github.com:LeJingS/web_learn.git
   8bb38db..8411344  main -> main
[2025年 07月 13日 星期日 17:43:57 CST] Pulling latest changes from remote...
来自 github.com:LeJingS/web_learn
 * branch            main       -> FETCH_HEAD
已经是最新的。
[2025年 07月 13日 星期日 17:43:57 CST] Checking for local changes...
[main 893d3a4] Auto commit by script on 2025年 07月 13日 星期日 17:43:57 CST
 1 file changed, 10 insertions(+)
[2025年 07月 13日 星期日 17:43:57 CST] Changes detected, committing and pushing...
To github.com:LeJingS/web_learn.git
   8411344..893d3a4  main -> main
[2025年 07月 13日 星期日 17:44:06 CST] Pulling latest changes from remote...
来自 github.com:LeJingS/web_learn
 * branch            main       -> FETCH_HEAD
已经是最新的。
[2025年 07月 13日 星期日 17:44:06 CST] Checking for local changes...
[main 708e0c2] Auto commit by script on 2025年 07月 13日 星期日 17:44:06 CST
 1 file changed, 10 insertions(+)
[2025年 07月 13日 星期日 17:44:06 CST] Changes detected, committing and pushing...
To github.com:LeJingS/web_learn.git
   893d3a4..708e0c2  main -> main
[2025年 07月 13日 星期日 17:44:14 CST] Pulling latest changes from remote...
来自 github.com:LeJingS/web_learn
 * branch            main       -> FETCH_HEAD
已经是最新的。
[2025年 07月 13日 星期日 17:44:14 CST] Checking for local changes...
[main 0c88246] Auto commit by script on 2025年 07月 13日 星期日 17:44:14 CST
 1 file changed, 10 insertions(+)
[2025年 07月 13日 星期日 17:44:14 CST] Changes detected, committing and pushing...
To github.com:LeJingS/web_learn.git
   708e0c2..0c88246  main -> main
[2025年 07月 13日 星期日 17:44:23 CST] Pulling latest changes from remote...
来自 github.com:LeJingS/web_learn
 * branch            main       -> FETCH_HEAD
已经是最新的。
[2025年 07月 13日 星期日 17:44:23 CST] Checking for local changes...
[main ed2a56a] Auto commit by script on 2025年 07月 13日 星期日 17:44:23 CST
 1 file changed, 10 insertions(+)
[2025年 07月 13日 星期日 17:44:23 CST] Changes detected, committing and pushing...
To github.com:LeJingS/web_learn.git
   0c88246..ed2a56a  main -> main
[2025年 07月 13日 星期日 17:44:31 CST] Pulling latest changes from remote...
来自 github.com:LeJingS/web_learn
 * branch            main       -> FETCH_HEAD
已经是最新的。
[2025年 07月 13日 星期日 17:44:31 CST] Checking for local changes...
[main 4e78e74] Auto commit by script on 2025年 07月 13日 星期日 17:44:31 CST
 1 file changed, 10 insertions(+)
[2025年 07月 13日 星期日 17:44:31 CST] Changes detected, committing and pushing...
To github.com:LeJingS/web_learn.git
   ed2a56a..4e78e74  main -> main
[2025年 07月 13日 星期日 17:44:39 CST] Pulling latest changes from remote...
来自 github.com:LeJingS/web_learn
 * branch            main       -> FETCH_HEAD
   4e78e74..8e284e7  main       -> origin/main
更新 4e78e74..8e284e7
Fast-forward
 README.md | 3 ++-
 1 file changed, 2 insertions(+), 1 deletion(-)
[2025年 07月 13日 星期日 17:44:39 CST] Checking for local changes...
[main 96dd67d] Auto commit by script on 2025年 07月 13日 星期日 17:44:39 CST
 1 file changed, 14 insertions(+)
[2025年 07月 13日 星期日 17:44:39 CST] Changes detected, committing and pushing...
To github.com:LeJingS/web_learn.git
   8e284e7..96dd67d  main -> main
[2025年 07月 13日 星期日 17:44:48 CST] Pulling latest changes from remote...
来自 github.com:LeJingS/web_learn
 * branch            main       -> FETCH_HEAD
已经是最新的。
[2025年 07月 13日 星期日 17:44:48 CST] Checking for local changes...
[main f2a0035] Auto commit by script on 2025年 07月 13日 星期日 17:44:48 CST
 1 file changed, 10 insertions(+)
[2025年 07月 13日 星期日 17:44:48 CST] Changes detected, committing and pushing...
To github.com:LeJingS/web_learn.git
   96dd67d..f2a0035  main -> main
[2025年 07月 13日 星期日 17:44:56 CST] Pulling latest changes from remote...
来自 github.com:LeJingS/web_learn
 * branch            main       -> FETCH_HEAD
已经是最新的。
[2025年 07月 13日 星期日 17:44:56 CST] Checking for local changes...
[main 9f3c1aa] Auto commit by script on 2025年 07月 13日 星期日 17:44:56 CST
 1 file changed, 10 insertions(+)
[2025年 07月 13日 星期日 17:44:56 CST] Changes detected, committing and pushing...
To github.com:LeJingS/web_learn.git
   f2a0035..9f3c1aa  main -> main
[2025年 07月 13日 星期日 17:45:05 CST] Pulling latest changes from remote...
来自 github.com:LeJingS/web_learn
 * branch            main       -> FETCH_HEAD
已经是最新的。
[2025年 07月 13日 星期日 17:45:05 CST] Checking for local changes...
[main 7bca7b5] Auto commit by script on 2025年 07月 13日 星期日 17:45:05 CST
 1 file changed, 10 insertions(+)
[2025年 07月 13日 星期日 17:45:05 CST] Changes detected, committing and pushing...
To github.com:LeJingS/web_learn.git
   9f3c1aa..7bca7b5  main -> main
[2025年 07月 13日 星期日 17:45:13 CST] Pulling latest changes from remote...
来自 github.com:LeJingS/web_learn
 * branch            main       -> FETCH_HEAD
已经是最新的。
[2025年 07月 13日 星期日 17:45:13 CST] Checking for local changes...
[main d0b04c1] Auto commit by script on 2025年 07月 13日 星期日 17:45:13 CST
 1 file changed, 10 insertions(+)
[2025年 07月 13日 星期日 17:45:13 CST] Changes detected, committing and pushing...
To github.com:LeJingS/web_learn.git
   7bca7b5..d0b04c1  main -> main
[2025年 07月 13日 星期日 17:45:22 CST] Pulling latest changes from remote...
来自 github.com:LeJingS/web_learn
 * branch            main       -> FETCH_HEAD
已经是最新的。
[2025年 07月 13日 星期日 17:45:22 CST] Checking for local changes...
